4446
▒▒▒▒▒▒▒▒QEMU 1.6.50 monitor - type 'help' for more information
(qemu) info migrate
capabilities: xbzrle: off x-rdma-pin-all: off auto-converge: off zero-blocks: off postcopy: off postcopy-no-background: off postcopy-move-background: off postcopy-rdma-compress: off
Migration status: completed
iterations: 279
total time: 14754 milliseconds
downtime: 10 milliseconds
stop time: 1 milliseconds
copy time: 9 milliseconds
setup: 17 milliseconds
transferred ram: 1687037 kbytes
throughput: 939.63 mbps
remaining ram: 0 kbytes
total ram: 2105920 kbytes
duplicate: 110617 pages
skipped: 0 pages
normal: 420694 pages
normal bytes: 1682776 kbytes
(qemu) info status
VM status: paused (postmigrate)
(qemu)
▒▒▒▒▒▒▒▒QEMU 1.6.50 monitor - type 'help' for more information
(qemu) info status
VM status: paused (postmigrate)
(qemu) quit

remaining: 0
CPU: 1 %

