You did not select any stats, using -cdngy by default.
[7l----total-cpu-usage---- -dsk/total- -net/total- ---paging-- ---system--
usr sys idl wai hiq siq| read  writ| recv  send|  in   out | int   csw 
  0   0  98   1   0   0| 140k 5160B|   0     0 |   0     0 |  26    47 
  0   0 100   0   0   0|   0     0 |   0     0 |   0     0 |  13    14 
  0   0 100   0   0   0|   0     0 |   0     0 |   0     0 |  12     8 
  0   0 100   0   0   0|   0     0 |   0     0 |   0     0 |  17    16 
  0   0 100   0   0   0|   0     0 |   0     0 |   0     0 |  24    22 
  0   0 100   0   0   0|   0     0 |   0     0 |   0     0 |  14    12 
  0   1  99   0   0   0|   0    40k|   0     0 |   0     0 |  32    40 
  0   0 100   0   0   0|   0     0 |   0     0 |   0     0 |  21    19 
  0   0 100   0   0   0|   0     0 |   0     0 |   0     0 |  14    11 
  0   0 100   0   0   0|   0     0 |   0     0 |   0     0 |  25    23 
  0   0 100   0   0   0|   0     0 |   0     0 |   0     0 |  27    27 
  0   0 100   0   0   0|   0    24k|   0     0 |   0     0 |  17    25 
  0   0 100   0   0   0|   0     0 |   0     0 |   0     0 |  15    10 
  0   0 100   0   0   0|   0     0 |   0     0 |   0     0 |  14    13 
  0   0 100   0   0   0|   0     0 |   0     0 |   0     0 |  12     8 
  2   7  43  46   1   1|6164k    0 |   0     0 |   0     0 | 463  1751 
 15  18   0  63   4   0|  11M   52k|   0     0 |   0     0 | 919  7748 
 38  29   0  27   4   2|  21M    0 |   0     0 |   0     0 |1491    20k
 52  26   0  15   6   1|  17M    0 |   0     0 |   0     0 |1376    29k
 58  28   0   8   2   4|9332k    0 |   0     0 |   0     0 |1003    36k
 71  22   0   6   0   1|6312k    0 |   0     0 |   0     0 | 674    38k
 70  23   0   5   1   1|3472k   16k|   0     0 |   0     0 | 507    39k
 71  25   0   3   0   1|3104k    0 |   0     0 |   0     0 | 476    40k
 71  20   0   4   3   2|2836k    0 |   0     0 |   0     0 | 432    40k
 71  25   0   4   0   0|1800k    0 |   0     0 |   0     0 | 378    40k
 75  20   0   5   0   0|1456k    0 |   0     0 |   0     0 | 383    40k
 73  25   0   1   0   1|1564k    0 |   0     0 |   0     0 | 369    41k
 70  28   0   2   0   0|1196k   16k|   0     0 |   0     0 | 345    41k
 79  20   0   1   0   0|1224k    0 |   0     0 |   0     0 | 341    41k
 74  25   0   1   0   0|1336k    0 |   0     0 |   0     0 | 330    40k
 72  27   0   1   0   0| 544k    0 |   0     0 |   0     0 | 290    36k
 76  23   0   1   0   0| 936k 4096B|   0     0 |   0     0 | 316    37k
 75  24   0   1   0   0| 976k    0 |   0     0 |   0     0 | 317    37k
 76  23   0   0   0   1| 516k   16k|   0     0 |   0     0 | 302    37k
 70  28   0   2   0   0| 484k    0 |   0     0 |   0     0 | 297    37k
 71  29   0   0   0   0| 892k    0 |   0     0 |   0     0 | 301    37k
 77  22   0   0   0   1| 712k   28k|   0     0 |   0     0 | 307    37k
 65  23   0  12   0   0| 660k    0 |   0     0 |   0     0 | 266    32k
 76  22   0   2   0   0| 360k    0 |   0     0 |   0     0 | 271    36k
 74  23   0   3   0   0| 392k   16k|   0     0 |   0     0 | 275    40k
 77  21   0   1   1   0| 492k    0 |   0     0 |   0     0 | 289    41k
 75  24   0   1   0   0| 412k    0 |   0     0 |   0     0 | 274    41k
 75  23   0   2   0   0| 352k    0 |   0     0 |   0     0 | 274    41k
 75  23   0   2   0   0| 248k    0 |   0     0 |   0     0 | 275    41k
 74  24   0   2   0   0| 636k    0 |   0     0 |   0     0 | 278    40k
 77  22   0   1   0   0| 244k   16k|   0     0 |   0     0 | 273    41k
 72  26   0   2   0   0| 448k    0 |   0     0 |   0     0 | 278    41k
 80  20   0   0   0   0| 500k    0 |   0     0 |   0     0 | 286    41k
 71  27   0   2   0   0| 328k    0 |   0     0 |   0     0 | 281    41k
 82  18   0   0   0   0| 388k    0 |   0     0 |   0     0 | 272    41k
 73  24   0   3   0   0| 604k    0 |   0     0 |   0     0 | 284    40k
 75  25   0   0   0   0| 596k   16k|   0     0 |   0     0 | 292    41k
 70  25   0   1   4   0| 216k    0 |   0     0 |   0     0 | 319    39k
 81  19   0   0   0   0| 152k    0 |   0     0 |   0     0 | 266    41k
 78  18   0   4   0   0| 120k    0 |   0     0 |   0     0 | 258    40k
 70  27   0   0   3   0|  44k    0 |   0     0 |   0     0 | 307    40k
 69  30   0   1   0   0| 180k    0 |   0     0 |   0     0 | 264    41k
 76  23   0   1   0   0| 280k   28k|   0     0 |   0     0 | 278    41k
 75  22   0   0   3   0|  96k    0 |   0     0 |   0     0 | 308    40k
 72  26   0   2   0   0| 284k    0 |   0     0 |   0     0 | 266    41k
 76  23   0   1   0   0| 396k    0 |   0     0 |   0     0 | 282    41k
 71  24   0   1   4   0| 240k    0 |   0     0 |   0     0 | 315    40k
 75  25   0   0   0   0|  96k    0 |   0     0 |   0     0 | 268    41k
 72  27   0   1   0   0| 112k   16k|   0     0 |   0     0 | 268    41k
 70  26   0   1   3   0| 144k    0 |   0     0 |   0     0 | 312    39k
 75  24   0   0   1   0| 196k    0 |   0     0 |   0     0 | 268    41k
 77  22   0   1   0   0| 312k 4096B|   0     0 |   0     0 | 274    41k
 77  19   0   0   4   0| 220k    0 |   0     0 |   0     0 | 315    39k
 77  23   0   0   0   0|  80k    0 |   0     0 |   0     0 | 266    41k
 75  23   0   2   0   0| 168k   16k|   0     0 |   0     0 | 266    40k
 73  26   0   1   0   0| 256k    0 |   0     0 |   0     0 | 277    41k
 78  22   0   0   0   0| 120k 8192B|   0     0 |   0     0 | 275    41k
 80  20   0   0   0   0| 100k    0 |   0     0 |   0     0 | 275    41k
 71  28   0   0   1   0| 184k    0 |   0     0 |   0     0 | 270    41k
 73  27   0   0   0   0| 244k    0 |   0     0 |   0     0 | 284    41k
 78  21   0   1   0   0| 296k   16k|   0     0 |   0     0 | 280    41k
 77  22   0   1   0   0|  60k    0 |   0     0 |   0     0 | 265    41k
 72  27   0   0   0   1| 288k    0 |   0     0 |   0     0 | 271    41k
 72  28   0   0   0   0|  48k    0 |   0     0 |   0     0 | 258    42k
 74  25   0   1   0   0| 260k    0 |   0     0 |   0     0 | 269    41k
 72  28   0   0   0   0| 208k    0 |   0     0 |   0     0 | 272    41k
 74  26   0   0   0   0|  88k   16k|   0     0 |   0     0 | 279    41k
 74  26   0   0   0   0| 140k    0 |   0     0 |   0     0 | 263    41k
 77  23   0   0   0   0| 128k    0 |   0     0 |   0     0 | 262    41k
 73  25   0   0   2   0|  60k    0 |   0     0 |   0     0 | 303    41k
 72  28   0   0   0   0|  52k    0 |   0     0 |   0     0 | 255    41k
 76  24   0   0   0   0|  20k    0 |   0     0 |   0     0 | 257    41k
 75  24   0   1   0   0| 132k   20k|   0     0 |   0     0 | 263    41k
 79  21   0   0   0   0|  12k    0 |   0     0 |   0     0 | 256    41k
 75  25   0   0   0   0|  12k    0 |   0     0 |   0     0 | 252    41k
 78  22   0   0   0   0|  20k    0 |   0     0 |   0     0 | 255    41k
 80  20   0   0   0   0|  20k    0 |   0     0 |   0     0 | 257    41k
 80  19   0   1   0   0|  40k    0 |   0     0 |   0     0 | 257    41k
 76  23   0   0   0   1|  28k   16k|   0     0 |   0     0 | 259    41k
 78  22   0   0   0   0|4096B    0 |   0     0 |   0     0 | 254    41k
 71  29   0   0   0   0|  60k    0 |   0     0 |   0     0 | 259    41k
 74  26   0   0   0   0| 180k    0 |   0     0 |   0     0 | 263    41k
 77  22   0   1   0   0| 136k    0 |   0     0 |   0     0 | 255    41k
 80  20   0   0   0   0|   0     0 |   0     0 |   0     0 | 253    41k
 77  23   0   0   0   0| 188k   16k|   0     0 |   0     0 | 265    41k
 81  19   0   0   0   0| 112k    0 |   0     0 |   0     0 | 264    42k
 83  17   0   0   0   0|  60k 4096B|   0     0 |   0     0 | 256    42k
 77  23   0   0   0   0|  48k    0 |   0     0 |   0     0 | 256    42k
 75  25   0   0   0   0|  20k    0 |   0     0 |   0     0 | 257    42k
 78  22   0   0   0   0|  48k    0 |   0     0 |   0     0 | 257    42k
 76  24   0   0   0   0|  72k   16k|   0     0 |   0     0 | 263    42k
 77  23   0   0   0   0|  32k 4096B|   0     0 |   0     0 | 258    41k
 76  24   0   0   0   0| 236k    0 |   0     0 |   0     0 | 265    41k
 78  22   0   0   0   0|   0     0 |   0     0 |   0     0 | 253    41k
 71  28   0   1   0   0| 116k    0 |   0     0 |   0     0 | 254    41k
 78  20   0   0   2   0| 108k    0 |   0     0 |   0     0 | 300    41k
 77  23   0   0   0   0|  84k   28k|   0     0 |   0     0 | 271    41k
 79  21   0   0   0   0|4096B    0 |   0     0 |   0     0 | 254    42k
 76  23   0   1   0   0|  84k    0 |   0     0 |   0     0 | 261    41k
 72  27   0   0   1   0|4096B    0 |   0     0 |   0     0 | 269    41k
 78  22   0   0   0   0| 140k    0 |   0     0 |   0     0 | 263    42k
 72  27   0   1   0   0|  84k    0 |   0     0 |   0     0 | 262    41k
 74  26   0   0   0   0| 188k   16k|   0     0 |   0     0 | 266    41k
 78  22   0   0   0   0|  12k    0 |   0     0 |   0     0 | 255    41k
 77  23   0   0   0   0|  40k    0 |   0     0 |   0     0 | 254    41k
 78  22   0   0   0   0| 192k    0 |   0     0 |   0     0 | 264    41k
 78  21   0   1   0   0|  48k    0 |   0     0 |   0     0 | 255    41k
 81  19   0   0   0   0|8192B    0 |   0     0 |   0     0 | 255    41k
 74  25   0   1   0   0| 192k   16k|   0     0 |   0     0 | 260    41k
 70  30   0   0   0   0|  24k    0 |   0     0 |   0     0 | 258    41k
 69  31   0   0   0   0|  28k    0 |   0     0 |   0     0 | 256    41k
 76  24   0   0   0   0| 128k    0 |   0     0 |   0     0 | 258    41k
 77  22   0   1   0   0| 252k    0 |   0     0 |   0     0 | 266    41k
 73  27   0   0   0   0| 116k    0 |   0     0 |   0     0 | 261    41k
 84  16   0   0   0   0|  16k   16k|   0     0 |   0     0 | 258    42k
 74  25   0   1   0   0|  88k    0 |   0     0 |   0     0 | 257    41k
 77  23   0   0   0   0|  84k    0 |   0     0 |   0     0 | 260    41k
 74  26   0   0   0   0|  44k    0 |   0     0 |   0     0 | 256    41k
 77  23   0   0   0   0|8192B    0 |   0     0 |   0     0 | 253    41k
 77  23   0   0   0   0|  60k    0 |   0     0 |   0     0 | 257    41k
 79  21   0   0   0   0|  44k   16k|   0     0 |   0     0 | 256    41k
 75  25   0   0   0   0|4096B 4096B|   0     0 |   0     0 | 255    42k
 81  19   0   0   0   0|8192B    0 |   0     0 |   0     0 | 253    42k
 77  22   0   1   0   0| 276k    0 |   0     0 |   0     0 | 268    41k
 75  25   0   0   0   0|  16k    0 |   0     0 |   0     0 | 256    42k
 77  23   0   0   0   0|4096B    0 |   0     0 |   0     0 | 254    41k
 73  27   0   0   0   0|  48k   28k|   0     0 |   0     0 | 264    42k
 79  21   0   0   0   0|  40k    0 |   0     0 |   0     0 | 260    41k
 76  24   0   0   0   0|  24k    0 |   0     0 |   0     0 | 256    41k
 73  27   0   0   0   0|4096B    0 |   0     0 |   0     0 | 254    42k
 69  31   0   0   0   0|  80k    0 |   0     0 |   0     0 | 256    42k
 78  21   0   1   0   0| 152k    0 |   0     0 |   0     0 | 260    42k
 78  22   0   0   0   0| 160k   16k|   0     0 |   0     0 | 265    42k
 79  21   0   0   0   0|  64k    0 |   0     0 |   0     0 | 256    41k
 75  25   0   0   0   0|4096B    0 |   0     0 |   0     0 | 261    41k
 75  25   0   0   0   0|8192B    0 |   0     0 |   0     0 | 255    41k
 76  24   0   0   0   0|  84k    0 |   0     0 |   0     0 | 259    41k
 78  22   0   0   0   0|  28k    0 |   0     0 |   0     0 | 262    41k
 72  28   0   0   0   0|  48k   16k|   0     0 |   0     0 | 261    41k
 74  26   0   0   0   0|  32k    0 |   0     0 |   0     0 | 256    41k
 78  22   0   0   0   0|  44k    0 |   0     0 |   0     0 | 258    41k
 78  22   0   0   0   0| 124k    0 |   0     0 |   0     0 | 257    41k
 75  24   0   1   0   0| 156k    0 |   0     0 |   0     0 | 261    41k
 69  29   0   0   2   0|   0     0 |   0     0 |   0     0 | 290    41k
 82  18   0   0   0   0| 256k   16k|   0     0 |   0     0 | 267    41k
 75  25   0   0   0   0|  16k    0 |   0     0 |   0     0 | 256    41k
 75  25   0   0   0   0|  88k    0 |   0     0 |   0     0 | 260    42k
 74  26   0   0   0   0|  12k    0 |   0     0 |   0     0 | 255    42k
 76  24   0   0   0   0| 140k    0 |   0     0 |   0     0 | 261    42k
 75  25   0   0   0   0|  88k    0 |   0     0 |   0     0 | 262    41k
 76  24   0   0   0   0|  12k   16k|   0     0 |   0     0 | 258    41k
 75  24   0   1   0   0|  68k    0 |   0     0 |   0     0 | 260    41k
 75  24   0   1   0   0| 140k    0 |   0     0 |   0     0 | 257    41k
 72  28   0   0   0   0| 116k    0 |   0     0 |   0     0 | 258    41k
 73  26   0   1   0   0| 128k    0 |   0     0 |   0     0 | 257    41k
 76  24   0   0   0   0| 136k    0 |   0     0 |   0     0 | 262    41k
 74  26   0   0   0   0|   0    28k|   0     0 |   0     0 | 256    41k
 75  25   0   0   0   0|8192B    0 |   0     0 |   0     0 | 255    41k
 74  26   0   0   0   0|  44k    0 |   0     0 |   0     0 | 258    42k
 78  22   0   0   0   0|  72k    0 |   0     0 |   0     0 | 259    41k
 13   3  84   0   0   0|   0     0 |   0     0 |   0     0 |  58  7061 
  0   0 100   0   0   0|   0     0 |   0     0 |   0     0 |  13    13 
  0   0  99   1   0   0|   0    28k|   0     0 |   0     0 |  15    23 
  0   0 100   0   0   0|   0     0 |   0     0 |   0     0 |  11     7 
  0   0 100   0   0   0|   0     0 |   0     0 |   0     0 |   9     7 
  0   0 100   0   0   0|   0     0 |   0     0 |   0     0 |  12     9 
  0   0 100   0   0   0|   0    12k|   0     0 |   0     0 |  14    14 
  0   1  99   0   0   0|   0    20k|   0     0 |   0     0 |  17    19 
  0   0 100   0   0   0|   0     0 |   0     0 |   0     0 |   9     7 
  0   0 100   0   0   0|   0     0 |   0     0 |   0     0 |  11     7 
  0   0 100   0   0   0|   0     0 |   0     0 |   0     0 |  10     9 
  0   0 100   0   0   0|   0     0 |   0     0 |   0     0 |  13    12 
  0   0 100   0   0   0|   0    20k|   0     0 |   0     0 |  14    20 
  0   0 100   0   0   0|   0     0 |   0     0 |   0     0 |  11     8 
  0   0 100   0   0   0|   0     0 |   0     0 |   0     0 |  10     7 
  0   0 100   0   0   0|   0     0 |   0     0 |   0     0 |  12     9 
  0   0 100   0   0   0|   0     0 |   0     0 |   0     0 |  11    12 
  0   0 100   0   0   0|   0    20k|   0     0 |   0     0 |  17    18 
  0   0 100   0   0   0|   0     0 |   0     0 |   0     0 |  10     7 
  0   0 100   0   0   0|   0     0 |   0     0 |   0     0 |  12     9 
  0   0 100   0   0   0|   0     0 |   0     0 |   0     0 |  10     9 
  0   0 100   0   0   0|   0     0 |   0     0 |   0     0 |  13    14 
  0   1  99   0   0   0|   0    20k|   0     0 |   0     0 |  16    18 
  0   0 100   0   0   0|   0     0 |   0     0 |   0     0 |  12     7 
  0   0 100   0   0   0|   0     0 |   0     0 |   0     0 |  10     7 
  0   0 100   0   0   0|   0     0 |   0     0 |   0     0 |  12    10 
  0   0 100   0   0   0|   0     0 |   0     0 |   0     0 |  11    12 
  0   0 100   0   0   0|   0    20k|   0     0 |   0     0 |  17    20 
  0   0 100   0   0   0|   0     0 |   0     0 |   0     0 |  10     7 
  0   0 100   0   0   0|   0     0 |   0     0 |   0     0 |  13     7 
  0   0 100   0   0   0|   0     0 |   0     0 |   0     0 |  11     9 
  0   0 100   0   0   0|   0  4096B|   0     0 |   0     0 |  15    15 
  0   0 100   0   0   0|   0    12k|   0     0 |   0     0 |  17    20 
  1   0  98   0   1   0|   0     0 |   0     0 |   0     0 |  26    19 
  0   0 100   0   0   0|   0     0 |   0     0 |   0     0 |  10     7 
  0   0 100   0   0   0|   0     0 |   0     0 |   0     0 |  12     9 
  0   0 100   0   0   0|   0     0 |   0     0 |   0     0 |  25    25 
  0   0  98   1   1   0|   0    16k|   0     0 |   0     0 |  67    26 
  0   0 100   0   0   0|   0     0 |   0     0 |   0     0 |  12    10 
  0   0 100   0   0   0|   0     0 |   0     0 |   0     0 |  21    19 
  0   0 100   0   0   0|   0     0 |   0     0 |   0     0 |  17    13 
  0   0 100   0   0   0|   0     0 |   0     0 |   0     0 |  17    15 
  0   0 100   0   0   0|   0     0 |   0     0 |   0     0 |  11     9 
  0   1  99   0   0   0|   0    20k|   0     0 |   0     0 |  61    67 
  0   0 100   0   0   0|   0     0 |   0     0 |   0     0 |  18    16 
  0   0 100   0   0   0|   0     0 |   0     0 |   0     0 |  19    18 
  0   0 100   0   0   0|   0     0 |   0     0 |   0     0 |  16    18 
  0   0 100   0   0   0|   0     0 |   0     0 |   0     0 |  19    13 
  0   0 100   0   0   0|   0    20k|   0     0 |   0     0 |  36    40 
  0   0 100   0   0   0|   0     0 |   0     0 |   0     0 |  48    53 
  0   0 100   0   0   0|   0     0 |   0     0 |   0     0 |  20    18 
  0   0  97   0   3   0|   0     0 |   0     0 |   0     0 | 103    19 
  0   0 100   0   0   0|   0     0 |   0     0 |   0     0 |  12     7 
  0   0 100   0   0   0|   0    36k|   0     0 |   0     0 |  17    18 
  0   0 100   0   0   0|   0     0 |   0     0 |   0     0 |  10     7 
  0   0 100   0   0   0|   0     0 |   0     0 |   0     0 |  12    10 
  0   0 100   0   0   0|   0     0 |   0     0 |   0     0 |  12    12 
  0   0 100   0   0   0|   0     0 |   0     0 |   0     0 |  12     9 
  0   0  99   1   0   0|   0    20k|   0     0 |   0     0 |  14    18 
  0   0 100   0   0   0|   0     0 |   0     0 |   0     0 |  12     7 
  0   0 100   0   0   0|   0     0 |   0     0 |   0     0 |  10    11 
  0   0 100   0   0   0|   0     0 |   0     0 |   0     0 |  14    13 
  0   0 100   0   0   0|   0     0 |   0     0 |   0     0 |  11     9 
  0   0 100   0   0   0|   0    20k|   0     0 |   0     0 |  16    18 
  0   0 100   0   0   0|   0     0 |   0     0 |   0     0 |  10     7 
  0   0 100   0   0   0|   0     0 |   0     0 |   0     0 |  12     9 
  0   0 100   0   0   0|   0  4096B|   0     0 |   0     0 |  13    12 
  0   0 100   0   0   0|   0     0 |   0     0 |   0     0 |  12     8 
  0   1  99   0   0   0|   0    20k|   0     0 |   0     0 |  15    18 
  0   0 100   0   0   0|   0     0 |   0     0 |   0     0 |  17    13 
  0   0 100   0   0   0|   0     0 |   0     0 |   0     0 |  21    14 
  0   0 100   0   0   0|   0    12k|   0     0 |   0     0 |  29    29 
  0   0 100   0   0   0|   0     0 |   0     0 |   0     0 |  11     9 
  0   0 100   0   0   0|   0    20k|   0     0 |   0     0 |  24    28 
  0   0 100   0   0   0|   0     0 |   0     0 |   0     0 |  20    16 
  0   0 100   0   0   0|   0     0 |   0     0 |   0     0 |  17    13 
  0   0 100   0   0   0|   0     0 |   0     0 |   0     0 |  25    19 
  0   0 100   0   0   0|   0     0 |   0     0 |   0     0 |  22    19 
  0   0 100   0   0   0|   0    20k|   0     0 |   0     0 |  24    27 
  0   0 100   0   0   0|   0     0 |   0     0 |   0     0 |  19    17 
  0   0 100   0   0   0|   0     0 |   0     0 |   0     0 |  33    18 
  0   0 100   0   0   0|   0     0 |   0     0 |   0     0 |  14    14 
  0   0 100   0   0   0|   0     0 |   0     0 |   0     0 |  15    13 
  0   0  99   1   0   0|   0    20k|   0     0 |   0     0 |  22    27 
  0   0 100   0   0   0|   0     0 |   0     0 |   0     0 |  16    13 
  0   0 100   0   0   0|   0     0 |   0     0 |   0     0 |  18    16 
  0   0 100   0   0   0|   0     0 |   0     0 |   0     0 |  45    41 
  0   0 100   0   0   0|   0     0 |   0     0 |   0     0 |  12     9 
  0   1  99   0   0   0|   0    24k|   0     0 |   0     0 |  15    19 
  0   0 100   0   0   0|   0     0 |   0     0 |   0     0 |  12     7 
  0   0 100   0   0   0|   0     0 |   0     0 |   0     0 |  10     9 
  0   0 100   0   0   0|   0     0 |   0     0 |   0     0 |  14    13 
  0   0 100   0   0   0|   0     0 |   0     0 |   0     0 |  19    16 
  0   0 100   0   0   0|   0    20k|   0     0 |   0     0 |  17    18 
  0   0 100   0   0   0|   0     0 |   0     0 |   0     0 |  20    19 
  0   0  98   0   2   0|   0     0 |   0     0 |   0     0 |  66    26 
  0   0 100   0   0   0|   0     0 |   0     0 |   0     0 |  18    21 
  0   0 100   0   0   0|   0     0 |   0     0 |   0     0 |  16    11 
  0   0 100   0   0   0|   0    20k|   0     0 |   0     0 |  19    24 
  1   0  98   0   1   0|   0     0 |   0     0 |   0     0 |  24    11 
  0   0 100   0   0   0|   0     0 |   0     0 |   0     0 |  24    24 
  0   0 100   0   0   0|   0  4096B|   0     0 |   0     0 |  43    45 
  0   0 100   0   0   0|   0     0 |   0     0 |   0     0 |  10     9 
  0   0  99   1   0   0|   0    52k|   0     0 |   0     0 |  19    25 
  0   0 100   0   0   0|   0     0 |   0     0 |   0     0 |  31    32 
  0   0 100   0   0   0|   0     0 |   0     0 |   0     0 |  12     9 
  0   0 100   0   0   0|   0     0 |   0     0 |   0     0 |  14    15 
  0   0 100   0   0   0|   0     0 |   0     0 |   0     0 |  56    55 
  0   0 100   0   0   0|   0    28k|   0     0 |   0     0 |  68    71 
  0   0 100   0   0   0|   0     0 |   0     0 |   0     0 |  75    80 
  0   0 100   0   0   0|   0     0 |   0     0 |   0     0 |  25    30 
  0   0 100   0   0   0|   0     0 |   0     0 |   0     0 |  60    68 
  0   0 100   0   0   0|   0     0 |   0     0 |   0     0 |  68    73 
  0   0 100   0   0   0|   0     0 |   0     0 |   0     0 |  32    28 
  0   0 100   0   0   0|   0    44k|   0     0 |   0     0 |  37    45 
  0   0 100   0   0   0|   0     0 |   0     0 |   0     0 |  26    25 
  0   0 100   0   0   0|   0     0 |   0     0 |   0     0 |  11    12 
  0   0 100   0   0   0|   0     0 |   0     0 |   0     0 |  11     9 
  0   0 100   0   0   0|   0     0 |   0     0 |   0     0 |   9     7 
  0   1  99   0   0   0|   0    20k|   0     0 |   0     0 |  17    20 
  0   0 100   0   0   0|   0     0 |   0     0 |   0     0 |  55    57 
  0   0 100   0   0   0|   0    28k|   0     0 |   0     0 |  25    24 
  0   0 100   0   0   0|   0     0 |   0     0 |   0     0 |  11     9 
  0   0 100   0   0   0|   0     0 |   0     0 |   0     0 |  25    22 
  0   0  99   1   0   0|   0    16k|   0     0 |   0     0 |  34    36 
  0   0 100   0   0   0|   0     0 |   0     0 |   0     0 |  36    36 
  0   0 100   0   0   0|   0     0 |   0     0 |   0     0 |  63    72 
  0   0 100   0   0   0|   0     0 |   0     0 |   0     0 |  25    23 
  0   0 100   0   0   0|   0     0 |   0     0 |   0     0 |  53    58 
  0   0 100   0   0   0|   0     0 |   0     0 |   0     0 |  97   106 
  0   0 100   0   0   0|   0    16k|   0     0 |   0     0 |  37    41 
  0   0 100   0   0   0|   0     0 |   0     0 |   0     0 |  68    69 
  0   0 100   0   0   0|   0     0 |   0     0 |   0     0 |  69    75 
  0   0 100   0   0   0|   0     0 |   0     0 |   0     0 |  95    98 
  0   0 100   0   0   0|   0     0 |   0     0 |   0     0 |  97    97 
  0   0 100   0   0   0|   0     0 |   0     0 |   0     0 |  97   102 
  0   0 100   0   0   0|   0    16k|   0     0 |   0     0 |  99   107 
  0   0 100   0   0   0|   0     0 |   0     0 |   0     0 |  94   106 
  0   0 100   0   0   0|   0     0 |   0     0 |   0     0 |  32    35 
  0   0 100   0   0   0|   0     0 |   0     0 |   0     0 |  13     8 
  0   0 100   0   0   0|   0     0 |   0     0 |   0     0 |  10     9 
  0   0 100   0   0   0|   0     0 |   0     0 |   0     0 |  13    14 
  0   0  99   1   0   0|   0    20k|   0     0 |   0     0 |  15    20 
  0   0 100   0   0   0|   0     0 |   0     0 |   0     0 |  12     7 
  0   0 100   0   0   0|   0     0 |   0     0 |   0     0 |  11     7 
  0   0 100   0   0   0|   0     0 |   0     0 |   0     0 |  12    10 
  0   0 100   0   0   0|   0     0 |   0     0 |   0     0 |  25    27 
  0   0 100   0   0   0|   0    20k|   0     0 |   0     0 |  43    53 
  0   0 100   0   0   0|   0     0 |   0     0 |   0     0 |  13    10 
  0   0 100   0   0   0|   0     0 |   0     0 |   0     0 |  25    25 
  0   0 100   0   0   0|   0     0 |   0     0 |   0     0 |  10     9 
  0   0 100   0   0   0|   0     0 |   0     0 |   0     0 |  17    15 
  0   0 100   0   0   0|   0    20k|   0     0 |   0     0 |  17    21 
  0   0 100   0   0   0|   0     0 |   0     0 |   0     0 |  12     7 
  0   0 100   0   0   0|   0     0 |   0     0 |   0     0 |  10     7 
  0   0 100   0   0   0|   0     0 |   0     0 |   0     0 |  12     9 
  0   0 100   0   0   0|   0     0 |   0     0 |   0     0 |  11    14 
  0   0  99   1   0   0|   0    20k|   0     0 |   0     0 |  16    19 
  0   0 100   0   0   0|   0     0 |   0     0 |   0     0 |  10     7 
  0   0 100   0   0   0|   0     0 |   0     0 |   0     0 |  12     7 
  0   0 100   0   0   0|   0     0 |   0     0 |   0     0 |  10     9 
  0   0 100   0   0   0|   0     0 |   0     0 |   0     0 |  13    12 
  0   0 100   0   0   0|   0    20k|   0     0 |   0     0 |  15    20 
  0   0 100   0   0   0|   0     0 |   0     0 |   0     0 |  12     8 
  0   0 100   0   0   0|   0     0 |   0     0 |   0     0 |  10     7 
  0   0 100   0   0   0|   0     0 |   0     0 |   0     0 |  14    12 
  0   0 100   0   0   0|   0     0 |   0     0 |   0     0 |  11    12 
  0   0  99   1   0   0|   0    32k|   0     0 |   0     0 |  42    45 
  0   0 100   0   0   0|   0     0 |   0     0 |   0     0 |  93    95 
  0   0 100   0   0   0|   0     0 |   0     0 |   0     0 |  40    38 
  0   0  98   0   2   0|   0     0 |   0     0 |   0     0 |  20    13 
  0   0 100   0   0   0|   0  4096B|   0     0 |   0     0 |  75    77 
  0   0 100   0   0   0|   0    24k|   0     0 |   0     0 |  99   113 
  0   0 100   0   0   0|   0     0 |   0     0 |   0     0 |  93   101 
  0   0 100   0   0   0|   0     0 |   0     0 |   0     0 |  91    98 
  0   0 100   0   0   0|   0     0 |   0     0 |   0     0 |  36    37 
  0   0 100   0   0   0|   0     0 |   0     0 |   0     0 |  59    63 
  0   0 100   0   0   0|   0     0 |   0     0 |   0     0 |  19    18 
  0   0 100   0   0   0|   0    16k|   0     0 |   0     0 |  63    66 
  0   0 100   0   0   0|   0     0 |   0     0 |   0     0 |  12     7 
  0   0 100   0   0   0|   0     0 |   0     0 |   0     0 |  10    11 
  0   0 100   0   0   0|   0     0 |   0     0 |   0     0 |  58    61 
  0   0 100   0   0   0|   0     0 |   0     0 |   0     0 |  95    99 
  0   0 100   0   0   0|   0     0 |   0     0 |   0     0 |  79    79 
  0   0 100   0   0   0|   0    16k|   0     0 |   0     0 |  13    14 
  0   0 100   0   0   0|   0     0 |   0     0 |   0     0 |  12     9 
  0   0 100   0   0   0|   0     0 |   0     0 |   0     0 |  14    15 
  0   0 100   0   0   0|   0     0 |   0     0 |   0     0 |  25    15 
  0   0 100   0   0   0|   0     0 |   0     0 |   0     0 |  10     7 
  0   0 100   0   0   0|   0     0 |   0     0 |   0     0 |  12     7 
  0   0  99   1   0   0|   0    48k|   0     0 |   0     0 |  19    29 
  0   0  99   0   1   0|   0     0 |   0     0 |   0     0 |  60    17 
  0   0 100   0   0   0|   0     0 |   0     0 |   0     0 |  11     9 
  0   0 100   0   0   0|   0     0 |   0     0 |   0     0 |  17    14 
  0   0  99   0   1   0|   0     0 |   0     0 |   0     0 |  30    10 
