QEMU 1.6.50 monitor - type 'help' for more information
(qemu) info mig
migrate               migrate_cache_size    migrate_capabilities
(qemu) info migrate
capabilities: xbzrle: off x-rdma-pin-all: off auto-converge: off zero-blocks: off                                                                                                    postcopy: off postcopy-no-background: off postcopy-move-background: off postcopy                                                                                                   -rdma-compress: off
Migration status: completed
iterations: 694
total time: 130782 milliseconds
downtime: 5 milliseconds
stop time: 0 milliseconds
copy time: 5 milliseconds
setup: 17 milliseconds
transferred ram: 1963455 kbytes
throughput: 134.07 mbps
remaining ram: 0 kbytes
total ram: 2105920 kbytes
duplicate: 51365 pages
skipped: 0 pages
normal: 489793 pages
normal bytes: 1959172 kbytes
