capabilities: xbzrle: off x-rdma-pin-all: off auto-converge: off zero-blocks: off
Migration status: completed
Iterations: 43
total time: 6792 milliseconds
downtime: 2879 milliseconds
stoptime: 2876 milliseconds
copytime: 3 milliseconds
setup: 12 milliseconds
transferred ram: 127073 kbytes
throughput: 266.05 mbps
remaining ram: 0 kbytes
total ram: 1057368 kbytes
total pages: 264342 pages
dirty pages: 4503599627137922 pages
dirty bytes: 18446744073708621321 kbytes
average dirty pages rate: 0 pages
duplicate: 234540 pages
skipped: 0 pages
normal: 31192 pages
normal bytes: 124768 kbytes

