capabilities: xbzrle: off x-rdma-pin-all: off auto-converge: off zero-blocks: off
Migration status: completed
Iterations: 42
total time: 3812 milliseconds
downtime: 4 milliseconds
stoptime: 0 milliseconds
copytime: 4 milliseconds
setup: 11 milliseconds
transferred ram: 123973 kbytes
throughput: 268.45 mbps
remaining ram: 0 kbytes
total ram: 1057368 kbytes
total pages: 264342 pages
dirty pages: 4503599627137147 pages
dirty bytes: 18446744073708618221 kbytes
average dirty pages rate: 0 pages
duplicate: 234732 pages
skipped: 0 pages
normal: 30418 pages
normal bytes: 121672 kbytes
