^[[7l----total-cpu-usage---- ------memory-usage----- -dsk/total- --net/eth0- --net/eth1- -net/total- ---paging-- ---system--
usr sys idl wai hiq siq| used  buff  cach  free| read  writ| recv  send: recv  send: recv  send|  in   out | int   csw
  0   0 100   0   0   0|3265M  456M 10.2G 9.78G| 267B 2775B|   0     0 :   0     0 :   0     0 |   0     0 | 360   554
  0   0 100   0   0   0|3266M  456M 10.2G 9.78G|   0     0 | 362B  106B:2761B 1750B:  11k 9341B|   0     0 | 364   450
  0   0 100   0   0   0|3268M  456M 10.2G 9.78G|   0     0 | 192B    0 :7905B 8522B:  13k  202k|   0     0 | 588   738
  0   0 100   0   0   0|3268M  456M 10.2G 9.78G|   0     0 | 350B  106B:4866B  240k:9626B  841k|   0     0 | 266   341
  0   0 100   0   0   0|3268M  456M 10.2G 9.78G|   0     0 | 350B  106B:4387B  723k:  12k 2319k|   0     0 | 313   403
  0   0 100   0   0   0|3269M  456M 10.2G 9.77G|   0     0 | 128B    0 :9713B 1737k:  24k 5624k|   0     0 | 471   429
  0   0 100   0   0   0|3271M  456M 10.2G 9.77G|   0    52k| 256B    0 :  19k 4472k:  60k   16M|   0     0 |1189   560
  0   0 100   0   0   0|3272M  456M 10.2G 9.77G|   0     0 | 270B   92B:  57k   13M: 127k   35M|   0     0 |1686   380
  0   0 100   0   0   0|3271M  456M 10.2G 9.77G|   0     0 | 276B  212B:  94k   24M: 186k   55M|   0     0 |2259   427
  0   0 100   0   0   0|3270M  456M 10.2G 9.77G|   0     0 | 128B    0 : 125k   34M: 238k   69M|   0     0 |2616   394
  0   0 100   0   0   0|3270M  456M 10.2G 9.77G|   0     0 | 308B    0 : 149k   37M: 260k   72M|   0     0 |2605   472
  0   0 100   0   0   0|3270M  456M 10.2G 9.77G|   0    12k| 244B    0 : 147k   37M: 257k   72M|   0     0 |2598   426
  0   0 100   0   0   0|3270M  456M 10.2G 9.77G|   0     0 | 234B  106B: 146k   37M: 255k   72M|   0     0 |2504   421
  0   0 100   0   0   0|3270M  456M 10.2G 9.77G|   0     0 | 298B  106B: 145k   37M: 254k   72M|   0     0 |2613   475
  0   0 100   0   0   0|3270M  456M 10.2G 9.77G|   0     0 | 526B    0 : 145k   37M: 255k   72M|   0     0 |2538   386
  0   0 100   0   0   0|3270M  456M 10.2G 9.77G|   0     0 | 462B    0 : 145k   37M: 254k   72M|   0     0 |2550   410
  0   0 100   0   0   0|3270M  456M 10.2G 9.77G|   0    12k| 234B  106B: 144k   37M: 254k   72M|   0     0 |2518   443
  0   0 100   0   0   0|3270M  456M 10.2G 9.77G|   0     0 | 594B    0 : 146k   37M: 256k   72M|   0     0 |2552   435
  0   0 100   0   0   0|3270M  456M 10.2G 9.77G|   0     0 |1426B  106B: 147k   37M: 258k   72M|   0     0 |2515   441
  0   0 100   0   0   0|3270M  456M 10.2G 9.77G|   0     0 | 192B    0 : 145k   37M: 256k   72M|   0     0 |2556   547
  0   0 100   0   0   0|3270M  456M 10.2G 9.77G|   0     0 | 170B  106B: 148k   37M: 259k   72M|   0     0 |2554   541
  0   0 100   0   0   0|3270M  456M 10.2G 9.77G|   0     0 | 462B    0 : 146k   37M: 255k   72M|   0     0 |2488   456
  0   0 100   0   0   0|3270M  456M 10.2G 9.77G|   0    12k| 192B    0 : 145k   37M: 254k   72M|   0     0 |2563   566
  0   0 100   0   0   0|3270M  456M 10.2G 9.77G|   0     0 | 256B   68B: 146k   37M: 256k   72M|   0     0 |2596   539
  0   0 100   0   0   0|3270M  456M 10.2G 9.77G|   0     0 | 606B  212B: 146k   37M: 255k   72M|   0     0 |2490   469
  0   0 100   0   0   0|3270M  456M 10.2G 9.77G|   0  8192B| 884B    0 : 145k   37M: 256k   72M|   0     0 |2523   454
  0   0 100   0   0   0|3270M  456M 10.2G 9.77G|   0     0 | 128B    0 : 149k   37M: 258k   72M|   0     0 |2495   450
  0   0 100   0   0   0|3270M  456M 10.2G 9.77G|   0    24k| 440B   92B: 145k   37M: 253k   72M|   0     0 |2599   512
  0   0 100   0   0   0|3271M  456M 10.2G 9.77G|   0     0 | 304B    0 : 145k   37M: 255k   72M|   0     0 |2499   462
  0   0 100   0   0   0|3270M  456M 10.2G 9.77G|   0     0 | 738B  212B: 144k   37M: 254k   72M|   0     0 |2512   431
  0   0 100   0   0   0|3270M  456M 10.2G 9.77G|   0     0 | 432B    0 : 142k   36M: 251k   72M|   0     0 |2563   558
  0   0 100   0   0   0|3270M  456M 10.2G 9.77G|   0     0 | 372B    0 : 145k   37M: 253k   71M|   0     0 |2512   522
  0   0 100   0   0   0|3270M  456M 10.2G 9.77G|   0     0 | 542B  106B: 144k   37M: 253k   72M|   0     0 |2513   476
  0   0 100   0   0   0|3271M  456M 10.2G 9.77G|   0    12k| 128B    0 : 144k   37M: 252k   72M|   0     0 |2473   444
  0   0 100   0   0   0|3271M  456M 10.2G 9.77G|   0     0 | 298B  106B: 143k   37M: 252k   72M|   0     0 |2412   438
  0   0 100   0   0   0|3271M  456M 10.2G 9.77G|   0    84k| 192B    0 : 142k   37M: 250k   72M|   0     0 |2545   469
  0   0 100   0   0   0|3270M  456M 10.2G 9.77G|   0     0 | 362B  106B: 144k   37M: 253k   72M|   0     0 |2554   520
  0   0 100   0   0   0|3270M  456M 10.2G 9.77G|   0     0 | 192B    0 : 143k   37M: 252k   72M|   0     0 |2588   482
  0   0 100   0   0   0|3270M  456M 10.2G 9.77G|   0    20k| 308B    0 : 144k   36M: 253k   71M|   0     0 |2487   411
  0   0 100   0   0   0|3270M  456M 10.2G 9.77G|   0     0 | 350B  106B: 144k   37M: 253k   72M|   0     0 |2537   427
  0   0 100   0   0   0|3270M  456M 10.2G 9.77G|   0     0 | 234B  106B: 145k   37M: 253k   72M|   0     0 |2549   487
  0   0 100   0   0   0|3270M  456M 10.2G 9.77G|   0     0 | 256B   68B: 145k   37M: 252k   71M|   0     0 |2438   399
  0   0 100   0   0   0|3271M  456M 10.2G 9.77G|   0     0 | 320B    0 : 143k   36M: 252k   71M|   0     0 |2545   413
  0   0 100   0   0   0|3270M  456M 10.2G 9.77G|   0     0 | 192B    0 : 145k   37M: 254k   72M|   0     0 |2555   382
  0   0 100   0   0   0|3270M  456M 10.2G 9.77G|   0    12k| 340B  212B: 144k   37M: 253k   72M|   0     0 |2520   443
  0   0 100   0   0   0|3270M  456M 10.2G 9.77G|   0     0 | 642B    0 : 144k   37M: 253k   72M|   0     0 |2513   372
  0   0 100   0   0   0|3270M  456M 10.2G 9.77G|   0     0 | 490B    0 : 144k   37M: 254k   72M|   0     0 |2528   462
  0   0 100   0   0   0|3270M  456M 10.2G 9.77G|   0     0 | 222B   92B: 145k   37M: 253k   72M|   0     0 |2593   452
  0   0 100   0   0   0|3270M  456M 10.2G 9.77G|   0     0 | 234B  106B: 144k   37M: 252k   72M|   0     0 |2525   458
  0   0 100   0   0   0|3270M  456M 10.2G 9.77G|   0    12k| 234B  106B: 145k   37M: 253k   72M|   0     0 |2523   433
  0   0 100   0   0   0|3270M  456M 10.2G 9.77G|   0     0 | 432B    0 : 144k   37M: 254k   72M|   0     0 |2557   462
  0   0 100   0   0   0|3270M  456M 10.2G 9.77G|   0     0 |  64B    0 : 146k   37M: 255k   72M|   0     0 |2562   441
  0   0 100   0   0   0|3270M  456M 10.2G 9.77G|   0     0 | 548B    0 : 145k   37M: 254k   72M|   0     0 |2584   462
  0   0 100   0   0   0|3270M  456M 10.2G 9.77G|   0     0 | 414B  106B: 145k   37M: 253k   72M|   0     0 |2705   552
  0   0 100   0   0   0|3270M  456M 10.2G 9.77G|   0     0 | 448B  106B: 144k   37M: 252k   72M|   0     0 |2520   413
  0   0 100   0   0   0|3270M  456M 10.2G 9.77G|   0    12k| 128B    0 : 145k   37M: 253k   72M|   0     0 |2468   409
  0   0 100   0   0   0|3270M  456M 10.2G 9.77G|   0     0 | 170B  106B: 144k   37M: 253k   72M|   0     0 |2493   448
  0   0 100   0   0   0|3271M  456M 10.2G 9.77G|   0     0 | 362B    0 : 145k   37M: 253k   72M|   0     0 |2462   384
  0   0 100   0   0   0|3270M  456M 10.2G 9.77G|   0     0 | 128B    0 : 144k   37M: 256k   73M|   0     0 |2572   432
  0   0 100   0   0   0|3267M  456M 10.2G 9.78G|   0     0 | 350B  174B: 149k   37M: 173k   42M|   0     0 | 597   177
  0   0 100   0   0   0|3267M  456M 10.2G 9.78G|   0    12k| 286B  106B:  19k 1495k:  22k 1586k|   0     0 | 124   151
  0   0 100   0   0   0|3267M  456M 10.2G 9.78G|   0     0 | 192B    0 :3772B   95k:4818B   96k|   0     0 |  90   148
  0   0 100   0   0   0|3267M  456M 10.2G 9.78G|   0     0 | 128B    0 : 652B 1208B:1498B 1274B|   0     0 |  52    73
  0   0 100   0   0   0|3267M  456M 10.2G 9.78G|   0     0 |  64B    0 : 866B   70B:1188B  136B|   0     0 |  94   115
  0   0 100   0   0   0|3267M  456M 10.2G 9.78G|   0     0 | 276B  212B: 388B  134B:1284B  412B|   0     0 |  83   124
  0   0 100   0   0   0|3267M  456M 10.2G 9.78G|   0     0 | 128B    0 : 750B   70B:1782B  136B|   0     0 |  62    83
  0   0 100   0   0   0|3267M  456M 10.2G 9.78G|   0    20k| 372B    0 :1102B  134B:2014B  200B|   0     0 |  61    87
  0   0 100   0   0   0|3268M  456M 10.2G 9.78G|   0     0 | 386B   92B: 652B   70B:1430B  228B|   0     0 |  87   102

