4448
▒▒▒▒▒▒▒▒QEMU 1.6.50 monitor - type 'help' for more information
(qemu) info migrate
capabilities: xbzrle: off x-rdma-pin-all: off auto-converge: off zero-blocks: off postcopy: off postcopy-no-background: off postcopy-move-background: off postcopy-rdma-compress: off
Migration status: completed
iterations: 639
total time: 63712 milliseconds
downtime: 6 milliseconds
stop time: 0 milliseconds
copy time: 6 milliseconds
setup: 18 milliseconds
transferred ram: 1957877 kbytes
throughput: 251.84 mbps
remaining ram: 0 kbytes
total ram: 2105920 kbytes
duplicate: 50167 pages
skipped: 0 pages
normal: 488404 pages
normal bytes: 1953616 kbytes
(qemu) info status
VM status: paused (postmigrate)
(qemu)
▒▒▒▒▒▒▒▒QEMU 1.6.50 monitor - type 'help' for more information
(qemu) info status
VM status: paused (postmigrate)
(qemu) quit

remaining: 0
CPU: 1 %

