4447
▒▒▒▒▒▒▒▒QEMU 1.6.50 monitor - type 'help' for more information
(qemu) info migrate
capabilities: xbzrle: off x-rdma-pin-all: off auto-converge: off zero-blocks: off                                                                                                    postcopy: off postcopy-no-background: off postcopy-move-background: off postcopy                                                                                                   -rdma-compress: off
Migration status: completed
iterations: 640
total time: 63719 milliseconds
downtime: 5 milliseconds
stop time: 1 milliseconds
copy time: 4 milliseconds
setup: 17 milliseconds
transferred ram: 1957860 kbytes
throughput: 251.83 mbps
remaining ram: 0 kbytes
total ram: 2105920 kbytes
duplicate: 51453 pages
skipped: 0 pages
normal: 488397 pages
normal bytes: 1953588 kbytes
(qemu) info status
VM status: paused (postmigrate)
(qemu)
▒▒▒▒▒▒▒▒QEMU 1.6.50 monitor - type 'help' for more information
(qemu) info status
VM status: paused (postmigrate)
(qemu) quit

4448
▒▒▒▒▒▒▒▒QEMU 1.6.50 monitor - type 'help' for more information
(qemu) info migrate
capabilities: xbzrle: off x-rdma-pin-all: off auto-converge: off zero-blocks: off                                                                                                    postcopy: off postcopy-no-background: off postcopy-move-background: off postcopy                                                                                                   -rdma-compress: off
Migration status: completed
iterations: 640
total time: 63714 milliseconds
downtime: 5 milliseconds
stop time: 0 milliseconds
copy time: 5 milliseconds
setup: 17 milliseconds
transferred ram: 1958118 kbytes
throughput: 251.84 mbps
remaining ram: 0 kbytes
total ram: 2105920 kbytes
duplicate: 50230 pages
skipped: 0 pages
normal: 488464 pages
normal bytes: 1953856 kbytes
