4447
▒▒▒▒▒▒▒▒QEMU 1.6.50 monitor - type 'help' for more information
(qemu) info migrate
capabilities: xbzrle: off x-rdma-pin-all: off auto-converge: off zero-blocks: off                                                                                                    postcopy: off postcopy-no-background: off postcopy-move-background: off postcopy                                                                                                   -rdma-compress: off
Migration status: completed
iterations: 641
total time: 63916 milliseconds
downtime: 5 milliseconds
stop time: 0 milliseconds
copy time: 5 milliseconds
setup: 15 milliseconds
transferred ram: 1963572 kbytes
throughput: 251.83 mbps
remaining ram: 0 kbytes
total ram: 2105920 kbytes
duplicate: 51465 pages
skipped: 0 pages
normal: 489822 pages
normal bytes: 1959288 kbytes
(qemu) info status
VM status: paused (postmigrate)
(qemu)
▒▒▒▒▒▒▒▒QEMU 1.6.50 monitor - type 'help' for more information
(qemu) info status
VM status: paused (postmigrate)
(qemu) quit

4448
▒▒▒▒▒▒▒▒QEMU 1.6.50 monitor - type 'help' for more information
(qemu) info migrate
capabilities: xbzrle: off x-rdma-pin-all: off auto-converge: off zero-blocks: off                                                                                                    postcopy: off postcopy-no-background: off postcopy-move-background: off postcopy                                                                                                   -rdma-compress: off
Migration status: completed
iterations: 639
total time: 63789 milliseconds
downtime: 5 milliseconds
stop time: 0 milliseconds
copy time: 5 milliseconds
setup: 18 milliseconds
transferred ram: 1959761 kbytes
throughput: 251.87 mbps
remaining ram: 0 kbytes
total ram: 2105920 kbytes
duplicate: 50147 pages
skipped: 0 pages
normal: 488874 pages
normal bytes: 1955496 kbytes
(qemu) info status
VM status: paused (postmigrate)
(qemu)
▒▒▒▒▒▒▒▒QEMU 1.6.50 monitor - type 'help' for more information
(qemu) info status
VM status: paused (postmigrate)
(qemu) quit

remaining: -1
CPU: 1 %

