4446
▒▒▒▒▒▒▒▒QEMU 1.6.50 monitor - type 'help' for more information
(qemu) info migrate
capabilities: xbzrle: off x-rdma-pin-all: off auto-converge: off zero-blocks: off                                                                                                    postcopy: off postcopy-no-background: off postcopy-move-background: off postcopy                                                                                                   -rdma-compress: off
Migration status: completed
iterations: 664
total time: 55115 milliseconds
downtime: 15 milliseconds
stop time: 1 milliseconds
copy time: 14 milliseconds
setup: 16 milliseconds
transferred ram: 1693279 kbytes
throughput: 251.83 mbps
remaining ram: 0 kbytes
total ram: 2105920 kbytes
duplicate: 110541 pages
skipped: 0 pages
normal: 422251 pages
normal bytes: 1689004 kbytes
(qemu) info status
VM status: paused (postmigrate)
(qemu)
▒▒▒▒▒▒▒▒QEMU 1.6.50 monitor - type 'help' for more information
(qemu) info status
VM status: paused (postmigrate)
(qemu) quit

remaining: 2
remaining: 2
4447
▒▒▒▒▒▒▒▒QEMU 1.6.50 monitor - type 'help' for more information
(qemu) info migrate
capabilities: xbzrle: off x-rdma-pin-all: off auto-converge: off zero-blocks: off                                                                                                    postcopy: off postcopy-no-background: off postcopy-move-background: off postcopy                                                                                                   -rdma-compress: off
Migration status: completed
iterations: 873
total time: 63477 milliseconds
downtime: 5 milliseconds
stop time: 1 milliseconds
copy time: 4 milliseconds
setup: 17 milliseconds
transferred ram: 1949845 kbytes
throughput: 251.87 mbps
remaining ram: 0 kbytes
total ram: 2105920 kbytes
duplicate: 51316 pages
skipped: 0 pages
normal: 486397 pages
normal bytes: 1945588 kbytes
(qemu) info status
VM status: paused (postmigrate)
(qemu)
▒▒▒▒▒▒▒▒QEMU 1.6.50 monitor - type 'help' for more information
(qemu) info status
VM status: paused (postmigrate)
(qemu) quit

4448
▒▒▒▒▒▒▒▒QEMU 1.6.50 monitor - type 'help' for more information
(qemu) info migrate
capabilities: xbzrle: off x-rdma-pin-all: off auto-converge: off zero-blocks: off                                                                                                    postcopy: off postcopy-no-background: off postcopy-move-background: off postcopy                                                                                                   -rdma-compress: off
Migration status: completed
iterations: 640
total time: 63590 milliseconds
downtime: 5 milliseconds
stop time: 0 milliseconds
copy time: 5 milliseconds
setup: 17 milliseconds
transferred ram: 1952587 kbytes
throughput: 251.86 mbps
remaining ram: 0 kbytes
total ram: 2105920 kbytes
duplicate: 50129 pages
skipped: 0 pages
normal: 487084 pages
normal bytes: 1948336 kbytes
(qemu) info status
VM status: paused (postmigrate)
(qemu)
▒▒▒▒▒▒▒▒QEMU 1.6.50 monitor - type 'help' for more information
(qemu) info status
VM status: paused (postmigrate)
(qemu) quit

remaining: 0
CPU: 1 %

