(qemu) info migrate
capabilities: xbzrle: off x-rdma-pin-all: off auto-converge: off zero-blocks: off postcopy: on postcopy-no-background: off postcopy-move-background: off postcopy-rdma-compress: off
Migration status: completed
iterations: 0
total time: 3779 milliseconds
downtime: 0 milliseconds
stop time: 0 milliseconds
copy time: 0 milliseconds
setup: 0 milliseconds
transferred ram: 154938 kbytes
throughput: 0.00 mbps
remaining ram: 0 kbytes
total ram: 1057344 kbytes
duplicate: 226173 pages
skipped: 0 pages
normal: 38163 pages
normal bytes: 152652 kbytes
(qemu) info status
VM status: paused (postmigrate)
(qemu)
▒▒▒▒▒▒▒▒QEMU 1.6.50 monitor - type 'help' for more information
(qemu) info migrate
(qemu) info status
VM status: running
(qemu)
completed
4447
▒▒▒▒▒▒▒▒QEMU 1.6.50 monitor - type 'help' for more information
(qemu) info migrate
capabilities: xbzrle: off x-rdma-pin-all: off auto-converge: off zero-blocks: off postcopy: on postcopy-no-background: off postcopy-move-background: off postcopy-rdma-compress: off
Migration status: completed
iterations: 0
total time: 6134 milliseconds
downtime: 1 milliseconds
stop time: 0 milliseconds
copy time: 1 milliseconds
setup: 0 milliseconds
transferred ram: 154822 kbytes
throughput: 0.00 mbps
remaining ram: 0 kbytes
total ram: 1057344 kbytes
duplicate: 226202 pages
skipped: 0 pages
normal: 38134 pages
normal bytes: 152536 kbytes
(qemu) info status
VM status: paused (postmigrate)
(qemu)
▒▒▒▒▒▒▒▒QEMU 1.6.50 monitor - type 'help' for more information
(qemu) info migrate
(qemu) info status
VM status: running
(qemu)
completed
4448
▒▒▒▒▒▒▒▒QEMU 1.6.50 monitor - type 'help' for more information
(qemu) info migrate
capabilities: xbzrle: off x-rdma-pin-all: off auto-converge: off zero-blocks: off postcopy: on postcopy-no-background: off postcopy-move-background: off postcopy-rdma-compress: off
Migration status: completed
iterations: 0
total time: 5698 milliseconds
downtime: 0 milliseconds
stop time: 0 milliseconds
copy time: 0 milliseconds
setup: 0 milliseconds
transferred ram: 154886 kbytes
throughput: 0.00 mbps
remaining ram: 0 kbytes
total ram: 1057344 kbytes
duplicate: 226186 pages
skipped: 0 pages
normal: 38150 pages
normal bytes: 152600 kbytes
(qemu) info status
VM status: paused (postmigrate)
(qemu)
▒▒▒▒▒▒▒▒QEMU 1.6.50 monitor - type 'help' for more information
(qemu) info migrate
(qemu) info status
VM status: running
(qemu)
completed
4449
▒▒▒▒▒▒▒▒QEMU 1.6.50 monitor - type 'help' for more information
(qemu) info migrate
capabilities: xbzrle: off x-rdma-pin-all: off auto-converge: off zero-blocks: off postcopy: on postcopy-no-background: off postcopy-move-background: off postcopy-rdma-compress: off
Migration status: completed
iterations: 0
total time: 4242 milliseconds
downtime: 1 milliseconds
stop time: 0 milliseconds
copy time: 1 milliseconds
setup: 0 milliseconds
transferred ram: 154978 kbytes
throughput: 0.00 mbps
remaining ram: 0 kbytes
total ram: 1057344 kbytes
duplicate: 226163 pages
skipped: 0 pages
normal: 38173 pages
normal bytes: 152692 kbytes
(qemu) info status
VM status: paused (postmigrate)
(qemu)
▒▒▒▒▒▒▒▒QEMU 1.6.50 monitor - type 'help' for more information
(qemu) info migrate
(qemu) info status
VM status: running
(qemu)
completed
remaining: -26

