Log of ./run 
Mon May 12 00:12:01 2014

Stopping bandwidth shaping: RTNETLINK answers: No such file or directory
done
RTNETLINK answers: No such file or directory
Delaying 20ms ...
RTNETLINK answers: No such file or directory
RTNETLINK answers: No such file or directory
done
Stopping bandwidth shaping: done
Delaying 80ms ...
RTNETLINK answers: No such file or directory
RTNETLINK answers: No such file or directory
done
Stopping bandwidth shaping: done
Delaying 180ms ...
RTNETLINK answers: No such file or directory
RTNETLINK answers: No such file or directory
done
Stopping bandwidth shaping: done
kill: can't find process "iperf"
kill: can't find process "-s"
./run died with exit status 255

Mon May 12 00:12:44 2014
----------------
