capabilities: xbzrle: off x-rdma-pin-all: off auto-converge: off zero-blocks: off
Migration status: completed
Iterations: 261
total time: 33050 milliseconds
downtime: 8027 milliseconds
stoptime: 8022 milliseconds
copytime: 5 milliseconds
setup: 13 milliseconds
transferred ram: 818157 kbytes
throughput: 268.57 mbps
remaining ram: 0 kbytes
total ram: 1057368 kbytes
total pages: 264342 pages
dirty pages: 4503599627310693 pages
dirty bytes: 18446744073709312405 kbytes
average dirty pages rate: 0 pages
duplicate: 223524 pages
skipped: 0 pages
normal: 203650 pages
normal bytes: 814600 kbytes

